0 info it worked if it ends with ok
1 verbose cli [ 'C:\\Program Files\\nodejs\\node.exe',
1 verbose cli   'C:\\Program Files\\nodejs\\node_modules\\npm\\bin\\npm-cli.js',
1 verbose cli   'run',
1 verbose cli   'fest' ]
2 info using npm@3.10.3
3 info using node@v6.7.0
4 verbose run-script [ 'prefest', 'fest', 'postfest' ]
5 info lifecycle dryer_station@1.0.0~prefest: dryer_station@1.0.0
6 silly lifecycle dryer_station@1.0.0~prefest: no script for prefest, continuing
7 info lifecycle dryer_station@1.0.0~fest: dryer_station@1.0.0
8 verbose lifecycle dryer_station@1.0.0~fest: unsafe-perm in lifecycle true
9 verbose lifecycle dryer_station@1.0.0~fest: PATH: C:\Program Files\nodejs\node_modules\npm\bin\node-gyp-bin;C:\vapik\JS_projects\dryer_station\node_modules\.bin;C:\Program Files\nodejs;C:\ProgramData\Oracle\Java\javapath;C:\Program Files (x86)\Intel\iCLS Client\;C:\Program Files\Intel\iCLS Client\;C:\Windows\system32;C:\Windows;C:\Windows\System32\Wbem;C:\Windows\System32\WindowsPowerShell\v1.0\;c:\Program Files (x86)\Microsoft SQL Server\100\Tools\Binn\;c:\Program Files\Microsoft SQL Server\100\Tools\Binn\;c:\Program Files\Microsoft SQL Server\100\DTS\Binn\;C:\Program Files\Microsoft SQL Server\110\Tools\Binn\;C:\Program Files\Intel\WiFi\bin\;C:\Program Files\Common Files\Intel\WirelessCommon\;C:\Program Files\MATLAB\R2015a\bin;C:\Program Files\Intel\Intel(R) Management Engine Components\DAL;C:\Program Files\Intel\Intel(R) Management Engine Components\IPT;C:\Program Files (x86)\Intel\Intel(R) Management Engine Components\DAL;C:\Program Files (x86)\Intel\Intel(R) Management Engine Components\IPT;C:\Program Files (x86)\Skype\Phone\;C:\Windows\system32\config\systemprofile\.dnx\bin;C:\Program Files\Microsoft DNX\Dnvm\;C:\Program Files\Microsoft SQL Server\120\Tools\Binn\;C:\Program Files\Microsoft SQL Server\130\Tools\Binn\;C:\Program Files (x86)\Windows Kits\10\Windows Performance Toolkit\;C:\Program Files (x86)\Microsoft Emulator Manager\1.0\;c:\Program Files (x86)\Microsoft SQL Server\110\Tools\Binn\;c:\Program Files\Microsoft SQL Server\110\DTS\Binn\;c:\Program Files (x86)\Microsoft SQL Server\110\Tools\Binn\ManagementStudio\;c:\Program Files (x86)\Microsoft SQL Server\110\DTS\Binn\;C:\Program Files\nodejs\;C:\Program Files\Git\cmd;C:\Program Files\Intel\WiFi\bin\;C:\Program Files\Common Files\Intel\WirelessCommon\;C:\Users\vapik\AppData\Roaming\npm
10 verbose lifecycle dryer_station@1.0.0~fest: CWD: C:\vapik\JS_projects\dryer_station
11 silly lifecycle dryer_station@1.0.0~fest: Args: [ '/d /s /c', 'fest-build --dir=components' ]
12 silly lifecycle dryer_station@1.0.0~fest: Returned: code: 1  signal: null
13 info lifecycle dryer_station@1.0.0~fest: Failed to exec fest script
14 verbose stack Error: dryer_station@1.0.0 fest: `fest-build --dir=components`
14 verbose stack Exit status 1
14 verbose stack     at EventEmitter.<anonymous> (C:\Program Files\nodejs\node_modules\npm\lib\utils\lifecycle.js:242:16)
14 verbose stack     at emitTwo (events.js:106:13)
14 verbose stack     at EventEmitter.emit (events.js:191:7)
14 verbose stack     at ChildProcess.<anonymous> (C:\Program Files\nodejs\node_modules\npm\lib\utils\spawn.js:40:14)
14 verbose stack     at emitTwo (events.js:106:13)
14 verbose stack     at ChildProcess.emit (events.js:191:7)
14 verbose stack     at maybeClose (internal/child_process.js:877:16)
14 verbose stack     at Process.ChildProcess._handle.onexit (internal/child_process.js:226:5)
15 verbose pkgid dryer_station@1.0.0
16 verbose cwd C:\vapik\JS_projects\dryer_station
17 error Windows_NT 6.3.9600
18 error argv "C:\\Program Files\\nodejs\\node.exe" "C:\\Program Files\\nodejs\\node_modules\\npm\\bin\\npm-cli.js" "run" "fest"
19 error node v6.7.0
20 error npm  v3.10.3
21 error code ELIFECYCLE
22 error dryer_station@1.0.0 fest: `fest-build --dir=components`
22 error Exit status 1
23 error Failed at the dryer_station@1.0.0 fest script 'fest-build --dir=components'.
23 error Make sure you have the latest version of node.js and npm installed.
23 error If you do, this is most likely a problem with the dryer_station package,
23 error not with npm itself.
23 error Tell the author that this fails on your system:
23 error     fest-build --dir=components
23 error You can get information on how to open an issue for this project with:
23 error     npm bugs dryer_station
23 error Or if that isn't available, you can get their info via:
23 error     npm owner ls dryer_station
23 error There is likely additional logging output above.
24 verbose exit [ 1, true ]
